<?xml version="1.0" encoding="utf-8"?><testsuite errors="0" failures="0" name="pytest" skipped="19" tests="64" time="67.914"><testcase classname="tests.unit_tests.__init__" file="tests/unit_tests/__init__.py" line="-1" name="FLAKE8" time="0.001"><skipped message="file(s) previously passed FLAKE8 checks" type="pytest.skip">/Users/ivanlee/miniconda3/envs/ucp/lib/python3.7/site-packages/pytest_flake8.py:106: file(s) previously passed FLAKE8 checks</skipped></testcase><testcase classname="tests.unit_tests.test_client" file="tests/unit_tests/test_client.py" line="-1" name="FLAKE8" time="0.001"><skipped message="file(s) previously passed FLAKE8 checks" type="pytest.skip">/Users/ivanlee/miniconda3/envs/ucp/lib/python3.7/site-packages/pytest_flake8.py:106: file(s) previously passed FLAKE8 checks</skipped></testcase><testcase classname="tests.unit_tests.test_client" file="tests/unit_tests/test_client.py" line="50" name="test_UC_initialize_default" time="0.010"></testcase><testcase classname="tests.unit_tests.test_client" file="tests/unit_tests/test_client.py" line="57" name="test_UC_initialize_full" time="0.002"></testcase><testcase classname="tests.unit_tests.test_client" file="tests/unit_tests/test_client.py" line="75" name="test_UC_type_violation" time="0.001"></testcase><testcase classname="tests.unit_tests.test_client" file="tests/unit_tests/test_client.py" line="82" name="test_uc_lifecycle" time="31.030"></testcase><testcase classname="tests.unit_tests.test_client" file="tests/unit_tests/test_client.py" line="101" name="test_uc_is_enabled" time="1.014"></testcase><testcase classname="tests.unit_tests.test_client" file="tests/unit_tests/test_client.py" line="114" name="test_uc_is_enabled_with_context" time="1.016"></testcase><testcase classname="tests.unit_tests.test_client" file="tests/unit_tests/test_client.py" line="134" name="test_uc_is_enabled_error_states" time="1.014"></testcase><testcase classname="tests.unit_tests.test_client" file="tests/unit_tests/test_client.py" line="148" name="test_uc_not_initialized" time="0.003"></testcase><testcase classname="tests.unit_tests.test_client" file="tests/unit_tests/test_client.py" line="155" name="test_uc_metrics" time="13.017"></testcase><testcase classname="tests.unit_tests.test_client" file="tests/unit_tests/test_client.py" line="172" name="test_uc_disabled_registration" time="20.012"></testcase><testcase classname="tests.unit_tests.test_custom_strategy" file="tests/unit_tests/test_custom_strategy.py" line="-1" name="FLAKE8" time="0.001"><skipped message="file(s) previously passed FLAKE8 checks" type="pytest.skip">/Users/ivanlee/miniconda3/envs/ucp/lib/python3.7/site-packages/pytest_flake8.py:106: file(s) previously passed FLAKE8 checks</skipped></testcase><testcase classname="tests.unit_tests.test_custom_strategy" file="tests/unit_tests/test_custom_strategy.py" line="26" name="test_uc_custom_strategy" time="0.011"></testcase><testcase classname="tests.unit_tests.test_features" file="tests/unit_tests/test_features.py" line="-1" name="FLAKE8" time="0.001"><skipped message="file(s) previously passed FLAKE8 checks" type="pytest.skip">/Users/ivanlee/miniconda3/envs/ucp/lib/python3.7/site-packages/pytest_flake8.py:106: file(s) previously passed FLAKE8 checks</skipped></testcase><testcase classname="tests.unit_tests.test_features" file="tests/unit_tests/test_features.py" line="16" name="test_create_feature_true" time="0.002"></testcase><testcase classname="tests.unit_tests.test_features" file="tests/unit_tests/test_features.py" line="27" name="test_create_feature_false" time="0.002"></testcase><testcase classname="tests.unit_tests.test_features" file="tests/unit_tests/test_features.py" line="39" name="test_create_feature_not_enabled" time="0.001"></testcase><testcase classname="tests.unit_tests.test_features" file="tests/unit_tests/test_features.py" line="47" name="test_create_feature_exception" time="0.002"></testcase><testcase classname="tests.unit_tests.test_loader" file="tests/unit_tests/test_loader.py" line="-1" name="FLAKE8" time="0.001"><skipped message="file(s) previously passed FLAKE8 checks" type="pytest.skip">/Users/ivanlee/miniconda3/envs/ucp/lib/python3.7/site-packages/pytest_flake8.py:106: file(s) previously passed FLAKE8 checks</skipped></testcase><testcase classname="tests.unit_tests.test_loader" file="tests/unit_tests/test_loader.py" line="13" name="test_loader_initialization" time="0.004"></testcase><testcase classname="tests.unit_tests.test_loader" file="tests/unit_tests/test_loader.py" line="24" name="test_loader_refresh" time="0.004"></testcase><testcase classname="tests.unit_tests.test_loader" file="tests/unit_tests/test_loader.py" line="40" name="test_loader_initialization_failure" time="0.004"></testcase><testcase classname="tests.unit_tests.api.__init__" file="tests/unit_tests/api/__init__.py" line="-1" name="FLAKE8" time="0.001"><skipped message="file(s) previously passed FLAKE8 checks" type="pytest.skip">/Users/ivanlee/miniconda3/envs/ucp/lib/python3.7/site-packages/pytest_flake8.py:106: file(s) previously passed FLAKE8 checks</skipped></testcase><testcase classname="tests.unit_tests.api.test_feature" file="tests/unit_tests/api/test_feature.py" line="-1" name="FLAKE8" time="0.001"><skipped message="file(s) previously passed FLAKE8 checks" type="pytest.skip">/Users/ivanlee/miniconda3/envs/ucp/lib/python3.7/site-packages/pytest_flake8.py:106: file(s) previously passed FLAKE8 checks</skipped></testcase><testcase classname="tests.unit_tests.api.test_feature" file="tests/unit_tests/api/test_feature.py" line="10" name="test_get_feature_toggle_success" time="0.004"></testcase><testcase classname="tests.unit_tests.api.test_feature" file="tests/unit_tests/api/test_feature.py" line="23" name="test_get_feature_toggle_failure" time="0.005"></testcase><testcase classname="tests.unit_tests.api.test_metrics" file="tests/unit_tests/api/test_metrics.py" line="-1" name="FLAKE8" time="0.001"><skipped message="file(s) previously passed FLAKE8 checks" type="pytest.skip">/Users/ivanlee/miniconda3/envs/ucp/lib/python3.7/site-packages/pytest_flake8.py:106: file(s) previously passed FLAKE8 checks</skipped></testcase><testcase classname="tests.unit_tests.api.test_metrics" file="tests/unit_tests/api/test_metrics.py" line="11" name="test_send_metrics_success" time="0.004"></testcase><testcase classname="tests.unit_tests.api.test_metrics" file="tests/unit_tests/api/test_metrics.py" line="21" name="test_send_metrics_failure" time="0.005"></testcase><testcase classname="tests.unit_tests.api.test_metrics" file="tests/unit_tests/api/test_metrics.py" line="31" name="test_register_client_exception" time="0.010"></testcase><testcase classname="tests.unit_tests.api.test_register" file="tests/unit_tests/api/test_register.py" line="-1" name="FLAKE8" time="0.001"><skipped message="file(s) previously passed FLAKE8 checks" type="pytest.skip">/Users/ivanlee/miniconda3/envs/ucp/lib/python3.7/site-packages/pytest_flake8.py:106: file(s) previously passed FLAKE8 checks</skipped></testcase><testcase classname="tests.unit_tests.api.test_register" file="tests/unit_tests/api/test_register.py" line="10" name="test_register_client_success" time="0.004"></testcase><testcase classname="tests.unit_tests.api.test_register" file="tests/unit_tests/api/test_register.py" line="25" name="test_register_client_failure" time="0.004"></testcase><testcase classname="tests.unit_tests.api.test_register" file="tests/unit_tests/api/test_register.py" line="40" name="test_register_client_exception" time="0.006"></testcase><testcase classname="tests.unit_tests.periodic.__init__" file="tests/unit_tests/periodic/__init__.py" line="-1" name="FLAKE8" time="0.001"><skipped message="file(s) previously passed FLAKE8 checks" type="pytest.skip">/Users/ivanlee/miniconda3/envs/ucp/lib/python3.7/site-packages/pytest_flake8.py:106: file(s) previously passed FLAKE8 checks</skipped></testcase><testcase classname="tests.unit_tests.periodic.test_aggregate_and_send_metrics" file="tests/unit_tests/periodic/test_aggregate_and_send_metrics.py" line="-1" name="FLAKE8" time="0.001"><skipped message="file(s) previously passed FLAKE8 checks" type="pytest.skip">/Users/ivanlee/miniconda3/envs/ucp/lib/python3.7/site-packages/pytest_flake8.py:106: file(s) previously passed FLAKE8 checks</skipped></testcase><testcase classname="tests.unit_tests.periodic.test_aggregate_and_send_metrics" file="tests/unit_tests/periodic/test_aggregate_and_send_metrics.py" line="15" name="test_aggregate_and_send_metrics" time="0.006"></testcase><testcase classname="tests.unit_tests.periodic.test_fetch_and_load" file="tests/unit_tests/periodic/test_fetch_and_load.py" line="-1" name="FLAKE8" time="0.001"><skipped message="file(s) previously passed FLAKE8 checks" type="pytest.skip">/Users/ivanlee/miniconda3/envs/ucp/lib/python3.7/site-packages/pytest_flake8.py:106: file(s) previously passed FLAKE8 checks</skipped></testcase><testcase classname="tests.unit_tests.periodic.test_fetch_and_load" file="tests/unit_tests/periodic/test_fetch_and_load.py" line="12" name="test_fetch_and_load" time="0.007"></testcase><testcase classname="tests.unit_tests.periodic.test_fetch_and_load" file="tests/unit_tests/periodic/test_fetch_and_load.py" line="30" name="test_fetch_and_load_failure" time="0.010"></testcase><testcase classname="tests.unit_tests.strategies.test_applicationhostname" file="tests/unit_tests/strategies/test_applicationhostname.py" line="-1" name="FLAKE8" time="0.002"><skipped message="file(s) previously passed FLAKE8 checks" type="pytest.skip">/Users/ivanlee/miniconda3/envs/ucp/lib/python3.7/site-packages/pytest_flake8.py:106: file(s) previously passed FLAKE8 checks</skipped></testcase><testcase classname="tests.unit_tests.strategies.test_applicationhostname" file="tests/unit_tests/strategies/test_applicationhostname.py" line="10" name="test_applicationhostname" time="0.001"></testcase><testcase classname="tests.unit_tests.strategies.test_applicationhostname" file="tests/unit_tests/strategies/test_applicationhostname.py" line="14" name="test_applicationhostname_nomatch" time="0.001"></testcase><testcase classname="tests.unit_tests.strategies.test_defaultstrategy" file="tests/unit_tests/strategies/test_defaultstrategy.py" line="-1" name="FLAKE8" time="0.001"><skipped message="file(s) previously passed FLAKE8 checks" type="pytest.skip">/Users/ivanlee/miniconda3/envs/ucp/lib/python3.7/site-packages/pytest_flake8.py:106: file(s) previously passed FLAKE8 checks</skipped></testcase><testcase classname="tests.unit_tests.strategies.test_defaultstrategy" file="tests/unit_tests/strategies/test_defaultstrategy.py" line="9" name="test_defaultstrategy" time="0.001"></testcase><testcase classname="tests.unit_tests.strategies.test_gradualrolloutrandom" file="tests/unit_tests/strategies/test_gradualrolloutrandom.py" line="-1" name="FLAKE8" time="0.001"><skipped message="file(s) previously passed FLAKE8 checks" type="pytest.skip">/Users/ivanlee/miniconda3/envs/ucp/lib/python3.7/site-packages/pytest_flake8.py:106: file(s) previously passed FLAKE8 checks</skipped></testcase><testcase classname="tests.unit_tests.strategies.test_gradualrolloutrandom" file="tests/unit_tests/strategies/test_gradualrolloutrandom.py" line="9" name="test_userwithid" time="0.002"></testcase><testcase classname="tests.unit_tests.strategies.test_gradualrolloutrandom" file="tests/unit_tests/strategies/test_gradualrolloutrandom.py" line="13" name="test_object_eq" time="0.001"></testcase><testcase classname="tests.unit_tests.strategies.test_gradualrolloutwithsessionid" file="tests/unit_tests/strategies/test_gradualrolloutwithsessionid.py" line="-1" name="FLAKE8" time="0.001"><skipped message="file(s) previously passed FLAKE8 checks" type="pytest.skip">/Users/ivanlee/miniconda3/envs/ucp/lib/python3.7/site-packages/pytest_flake8.py:106: file(s) previously passed FLAKE8 checks</skipped></testcase><testcase classname="tests.unit_tests.strategies.test_gradualrolloutwithsessionid" file="tests/unit_tests/strategies/test_gradualrolloutwithsessionid.py" line="14" name="test_userwithid" time="0.002"></testcase><testcase classname="tests.unit_tests.strategies.test_gradualrolloutwithuserid" file="tests/unit_tests/strategies/test_gradualrolloutwithuserid.py" line="-1" name="FLAKE8" time="0.001"><skipped message="file(s) previously passed FLAKE8 checks" type="pytest.skip">/Users/ivanlee/miniconda3/envs/ucp/lib/python3.7/site-packages/pytest_flake8.py:106: file(s) previously passed FLAKE8 checks</skipped></testcase><testcase classname="tests.unit_tests.strategies.test_gradualrolloutwithuserid" file="tests/unit_tests/strategies/test_gradualrolloutwithuserid.py" line="10" name="test_userwithid" time="0.002"></testcase><testcase classname="tests.unit_tests.strategies.test_remoteaddress" file="tests/unit_tests/strategies/test_remoteaddress.py" line="-1" name="FLAKE8" time="0.001"><skipped message="file(s) previously passed FLAKE8 checks" type="pytest.skip">/Users/ivanlee/miniconda3/envs/ucp/lib/python3.7/site-packages/pytest_flake8.py:106: file(s) previously passed FLAKE8 checks</skipped></testcase><testcase classname="tests.unit_tests.strategies.test_remoteaddress" file="tests/unit_tests/strategies/test_remoteaddress.py" line="10" name="test_init_with_bad_address" time="0.001"></testcase><testcase classname="tests.unit_tests.strategies.test_remoteaddress" file="tests/unit_tests/strategies/test_remoteaddress.py" line="16" name="test_init_with_bad_range" time="0.001"></testcase><testcase classname="tests.unit_tests.strategies.test_remoteaddress" file="tests/unit_tests/strategies/test_remoteaddress.py" line="22" name="test_ipv4_range" time="0.001"></testcase><testcase classname="tests.unit_tests.strategies.test_remoteaddress" file="tests/unit_tests/strategies/test_remoteaddress.py" line="26" name="test_ipv4_value" time="0.001"></testcase><testcase classname="tests.unit_tests.strategies.test_remoteaddress" file="tests/unit_tests/strategies/test_remoteaddress.py" line="30" name="test_ipv6_rangee" time="0.002"></testcase><testcase classname="tests.unit_tests.strategies.test_remoteaddress" file="tests/unit_tests/strategies/test_remoteaddress.py" line="34" name="test_ipv6_value" time="0.003"></testcase><testcase classname="tests.unit_tests.strategies.test_remoteaddress" file="tests/unit_tests/strategies/test_remoteaddress.py" line="38" name="test_garbage_value" time="0.001"></testcase><testcase classname="tests.unit_tests.strategies.test_userwithids" file="tests/unit_tests/strategies/test_userwithids.py" line="-1" name="FLAKE8" time="0.001"><skipped message="file(s) previously passed FLAKE8 checks" type="pytest.skip">/Users/ivanlee/miniconda3/envs/ucp/lib/python3.7/site-packages/pytest_flake8.py:106: file(s) previously passed FLAKE8 checks</skipped></testcase><testcase classname="tests.unit_tests.strategies.test_userwithids" file="tests/unit_tests/strategies/test_userwithids.py" line="12" name="test_userwithid" time="0.001"></testcase><testcase classname="tests.unit_tests.strategies.test_userwithids" file="tests/unit_tests/strategies/test_userwithids.py" line="16" name="test_userwithid_missing_parameter" time="0.001"></testcase></testsuite>